Using pre-set license
Built from '2020.3/staging' branch; Version is '2020.3.11f1 (99c7afb366b3) revision 10078127'; Using compiler version '192528614'; Build Type 'Release'
OS: 'Windows 10 Pro; OS build 19043.1083; Version 2009; 64bit' Language: 'en' Physical Memory: 32637 MB
BatchMode: 1, IsHumanControllingUs: 0, StartBugReporterOnCrash: 0, Is64bit: 1, IsPro: 0

 COMMAND LINE ARGUMENTS:
C:\Program Files\Unity\Hub\Editor\2020.3.11f1\Editor\Unity.exe
-adb2
-batchMode
-noUpm
-name
AssetImportWorker0
-projectPath
C:/Users/matan/Documents/GitHub/AIBunnies
-logFile
Logs/AssetImportWorker0.log
-srvPort
57460
Successfully changed project path to: C:/Users/matan/Documents/GitHub/AIBunnies
C:/Users/matan/Documents/GitHub/AIBunnies
Using Asset Import Pipeline V2.
Refreshing native plugins compatible for Editor in 28.21 ms, found 2 plugins.
Preloading 0 native plugins for Editor in 0.00 ms.
Initialize engine version: 2020.3.11f1 (99c7afb366b3)
[Subsystems] Discovering subsystems at path C:/Program Files/Unity/Hub/Editor/2020.3.11f1/Editor/Data/Resources/UnitySubsystems
[Subsystems] Discovering subsystems at path C:/Users/matan/Documents/GitHub/AIBunnies/Assets
GfxDevice: creating device client; threaded=0
Direct3D:
    Version:  Direct3D 11.0 [level 11.1]
    Renderer: NVIDIA GeForce GTX 1070 (ID=0x1b81)
    Vendor:   
    VRAM:     8088 MB
    Driver:   30.0.14.7111
Initialize mono
Mono path[0] = 'C:/Program Files/Unity/Hub/Editor/2020.3.11f1/Editor/Data/Managed'
Mono path[1] = 'C:/Program Files/Unity/Hub/Editor/2020.3.11f1/Editor/Data/MonoBleedingEdge/lib/mono/unityjit'
Mono config path = 'C:/Program Files/Unity/Hub/Editor/2020.3.11f1/Editor/Data/MonoBleedingEdge/etc'
Using monoOptions --debugger-agent=transport=dt_socket,embedding=1,server=y,suspend=n,address=127.0.0.1:56380
Begin MonoManager ReloadAssembly
Registering precompiled unity dll's ...
Register platform support module: C:/Program Files/Unity/Hub/Editor/2020.3.11f1/Editor/Data/PlaybackEngines/WebGLSupport/UnityEditor.WebGL.Extensions.dll
Register platform support module: C:/Program Files/Unity/Hub/Editor/2020.3.11f1/Editor/Data/PlaybackEngines/WindowsStandaloneSupport/UnityEditor.WindowsStandalone.Extensions.dll
Registered in 0.001320 seconds.
Native extension for WindowsStandalone target not found
Native extension for WebGL target not found
Refreshing native plugins compatible for Editor in 26.38 ms, found 2 plugins.
Preloading 0 native plugins for Editor in 0.00 ms.
Mono: successfully reloaded assembly
- Completed reload, in  1.326 seconds
Platform modules already initialized, skipping
Registering precompiled user dll's ...
Registered in 0.002220 seconds.
Begin MonoManager ReloadAssembly
Native extension for WindowsStandalone target not found
Native extension for WebGL target not found
Refreshing native plugins compatible for Editor in 0.40 ms, found 2 plugins.
Preloading 0 native plugins for Editor in 0.00 ms.
Mono: successfully reloaded assembly
- Completed reload, in  0.706 seconds
Platform modules already initialized, skipping
========================================================================
Worker process is ready to serve import requests
Launched and connected shader compiler UnityShaderCompiler.exe after 0.03 seconds
Refreshing native plugins compatible for Editor in 0.43 ms, found 2 plugins.
Preloading 0 native plugins for Editor in 0.00 ms.
Unloading 1525 Unused Serialized files (Serialized files now loaded: 0)
System memory in use before: 79.6 MB.
System memory in use after: 79.3 MB.

Unloading 20 unused Assets to reduce memory usage. Loaded Objects now: 1970.
Total: 1.574600 ms (FindLiveObjects: 0.124200 ms CreateObjectMapping: 0.029700 ms MarkObjects: 1.167300 ms  DeleteObjects: 0.252500 ms)

========================================================================
Received Import Request.
  path: Assets/48 Particle Effect Pack/Effect/Portal1.prefab
  artifactKey: Guid(7e33fa0f373169f41a2d07aa22d200fc) Importer(815301076,1909f56bfc062723c751e8b465ee728b)
Start importing Assets/48 Particle Effect Pack/Effect/Portal1.prefab using Guid(7e33fa0f373169f41a2d07aa22d200fc) Importer(815301076,1909f56bfc062723c751e8b465ee728b)  -> (artifact id: '2dfb6b63c72a5bdfcb276630eb35bd73') in 0.035217 seconds
  Import took 0.037472 seconds .

========================================================================
Received Import Request.
  Time since last request: 5.395380 seconds.
  path: Assets/48 Particle Effect Pack/Effect/Portal2.prefab
  artifactKey: Guid(0f158be916b4cb245ae87ffe75725147) Importer(815301076,1909f56bfc062723c751e8b465ee728b)
Start importing Assets/48 Particle Effect Pack/Effect/Portal2.prefab using Guid(0f158be916b4cb245ae87ffe75725147) Importer(815301076,1909f56bfc062723c751e8b465ee728b)  -> (artifact id: '005aa7e9ac46d8b741c8fe2d3ee42a67') in 0.008952 seconds
  Import took 0.011992 seconds .

========================================================================
Received Import Request.
  Time since last request: 10.304424 seconds.
  path: Assets/48 Particle Effect Pack/Effect/Portal2.prefab
  artifactKey: Guid(0f158be916b4cb245ae87ffe75725147) Importer(815301076,1909f56bfc062723c751e8b465ee728b)
Start importing Assets/48 Particle Effect Pack/Effect/Portal2.prefab using Guid(0f158be916b4cb245ae87ffe75725147) Importer(815301076,1909f56bfc062723c751e8b465ee728b)  -> (artifact id: '98a6c52ca38071ddf10424f22a0a94ca') in 0.003366 seconds
  Import took 0.005718 seconds .

========================================================================
Received Import Request.
  Time since last request: 1.017919 seconds.
  path: Assets/48 Particle Effect Pack/Effect/Portal2.prefab
  artifactKey: Guid(0f158be916b4cb245ae87ffe75725147) Importer(815301076,1909f56bfc062723c751e8b465ee728b)
Start importing Assets/48 Particle Effect Pack/Effect/Portal2.prefab using Guid(0f158be916b4cb245ae87ffe75725147) Importer(815301076,1909f56bfc062723c751e8b465ee728b)  -> (artifact id: '202fecc5cdb13bb8ba9b29ba41c0429c') in 0.003458 seconds
  Import took 0.006259 seconds .

========================================================================
Received Import Request.
  Time since last request: 24.955617 seconds.
  path: Assets/Bunnies/Prefabs/AI.prefab
  artifactKey: Guid(95602d9f1d80ed04dbb4829783bb1858) Importer(815301076,1909f56bfc062723c751e8b465ee728b)
Start importing Assets/Bunnies/Prefabs/AI.prefab using Guid(95602d9f1d80ed04dbb4829783bb1858) Importer(815301076,1909f56bfc062723c751e8b465ee728b)  -> (artifact id: 'e2f09b1840f1b6d1f3a53b6aae2f5fa3') in 0.074387 seconds
  Import took 0.077387 seconds .

========================================================================
Received Import Request.
  Time since last request: 0.000153 seconds.
  path: Assets/Bunnies/Prefabs/GameManager.prefab
  artifactKey: Guid(0d7a1457fcacf134d84b81b0a9e57336) Importer(815301076,1909f56bfc062723c751e8b465ee728b)
Start importing Assets/Bunnies/Prefabs/GameManager.prefab using Guid(0d7a1457fcacf134d84b81b0a9e57336) Importer(815301076,1909f56bfc062723c751e8b465ee728b)  -> (artifact id: 'a474b23d93a504caa7bd8216ba80b9f3') in 0.007369 seconds
  Import took 0.009990 seconds .

========================================================================
Received Import Request.
  Time since last request: 0.000200 seconds.
  path: Assets/Bunnies/Prefabs/Carrot.prefab
  artifactKey: Guid(c055577a19130694db1f26587dd1c607) Importer(815301076,1909f56bfc062723c751e8b465ee728b)
Start importing Assets/Bunnies/Prefabs/Carrot.prefab using Guid(c055577a19130694db1f26587dd1c607) Importer(815301076,1909f56bfc062723c751e8b465ee728b)  -> (artifact id: '6d21897a4aeaeb8244543ef4ff460bd9') in 0.020438 seconds
  Import took 0.022968 seconds .

========================================================================
Received Import Request.
  Time since last request: 0.000196 seconds.
  path: Assets/Bunnies/Prefabs/Player.prefab
  artifactKey: Guid(abb928b0033254b4e99e4f1a5f71298b) Importer(815301076,1909f56bfc062723c751e8b465ee728b)
Start importing Assets/Bunnies/Prefabs/Player.prefab using Guid(abb928b0033254b4e99e4f1a5f71298b) Importer(815301076,1909f56bfc062723c751e8b465ee728b)  -> (artifact id: '795137b80d8165c384881cabb9fd5c6c') in 0.014530 seconds
  Import took 0.017278 seconds .

========================================================================
Received Import Request.
  Time since last request: 0.008718 seconds.
  path: Assets/Bunnies/Prefabs/Player.prefab
  artifactKey: Guid(abb928b0033254b4e99e4f1a5f71298b) Importer(815301076,1909f56bfc062723c751e8b465ee728b)
Start importing Assets/Bunnies/Prefabs/Player.prefab using Guid(abb928b0033254b4e99e4f1a5f71298b) Importer(815301076,1909f56bfc062723c751e8b465ee728b)  -> (artifact id: '795137b80d8165c384881cabb9fd5c6c') in 0.012426 seconds
  Import took 0.015210 seconds .

========================================================================
Received Import Request.
  Time since last request: 166.594491 seconds.
  path: Assets/Bunnies/Prefabs/LineUp.prefab
  artifactKey: Guid(d939a9a2e30062c49a699794270b810c) Importer(815301076,1909f56bfc062723c751e8b465ee728b)
Start importing Assets/Bunnies/Prefabs/LineUp.prefab using Guid(d939a9a2e30062c49a699794270b810c) Importer(815301076,1909f56bfc062723c751e8b465ee728b)  -> (artifact id: '9eec88f071f40fcc56d06aa8272ba403') in 0.006249 seconds
  Import took 0.008868 seconds .

========================================================================
Received Import Request.
  Time since last request: 0.013097 seconds.
  path: Assets/Bunnies/Prefabs/LineUp.prefab
  artifactKey: Guid(d939a9a2e30062c49a699794270b810c) Importer(815301076,1909f56bfc062723c751e8b465ee728b)
Start importing Assets/Bunnies/Prefabs/LineUp.prefab using Guid(d939a9a2e30062c49a699794270b810c) Importer(815301076,1909f56bfc062723c751e8b465ee728b)  -> (artifact id: '9eec88f071f40fcc56d06aa8272ba403') in 0.002752 seconds
  Import took 0.004895 seconds .

========================================================================
Received Prepare
Registering precompiled user dll's ...
Registered in 0.002050 seconds.
Begin MonoManager ReloadAssembly
Native extension for WindowsStandalone target not found
Native extension for WebGL target not found
Refreshing native plugins compatible for Editor in 0.36 ms, found 2 plugins.
Preloading 0 native plugins for Editor in 0.00 ms.
Mono: successfully reloaded assembly
- Completed reload, in  0.707 seconds
Platform modules already initialized, skipping
Refreshing native plugins compatible for Editor in 0.34 ms, found 2 plugins.
Preloading 0 native plugins for Editor in 0.00 ms.
Unloading 1501 Unused Serialized files (Serialized files now loaded: 0)
System memory in use before: 94.5 MB.
System memory in use after: 94.2 MB.

Unloading 16 unused Assets to reduce memory usage. Loaded Objects now: 1985.
Total: 1.758100 ms (FindLiveObjects: 0.138400 ms CreateObjectMapping: 0.051000 ms MarkObjects: 1.297300 ms  DeleteObjects: 0.270300 ms)

========================================================================
Received Import Request.
  Time since last request: 133.313047 seconds.
  path: Assets/Bunnies/Prefabs/Player.prefab
  artifactKey: Guid(abb928b0033254b4e99e4f1a5f71298b) Importer(815301076,1909f56bfc062723c751e8b465ee728b)
Start importing Assets/Bunnies/Prefabs/Player.prefab using Guid(abb928b0033254b4e99e4f1a5f71298b) Importer(815301076,1909f56bfc062723c751e8b465ee728b)  -> (artifact id: 'b35b066518c53ac625c7a4b898859315') in 0.050657 seconds
  Import took 0.053320 seconds .

========================================================================
Received Prepare
Registering precompiled user dll's ...
Registered in 0.002066 seconds.
Begin MonoManager ReloadAssembly
Native extension for WindowsStandalone target not found
Native extension for WebGL target not found
Refreshing native plugins compatible for Editor in 0.39 ms, found 2 plugins.
Preloading 0 native plugins for Editor in 0.00 ms.
Mono: successfully reloaded assembly
- Completed reload, in  0.651 seconds
Platform modules already initialized, skipping
Refreshing native plugins compatible for Editor in 0.33 ms, found 2 plugins.
Preloading 0 native plugins for Editor in 0.00 ms.
Unloading 1501 Unused Serialized files (Serialized files now loaded: 0)
System memory in use before: 94.6 MB.
System memory in use after: 94.3 MB.

Unloading 16 unused Assets to reduce memory usage. Loaded Objects now: 1989.
Total: 1.578200 ms (FindLiveObjects: 0.111600 ms CreateObjectMapping: 0.032900 ms MarkObjects: 1.175800 ms  DeleteObjects: 0.257100 ms)

========================================================================
Received Prepare
Registering precompiled user dll's ...
Registered in 0.002179 seconds.
Begin MonoManager ReloadAssembly
Native extension for WindowsStandalone target not found
Native extension for WebGL target not found
Refreshing native plugins compatible for Editor in 0.44 ms, found 2 plugins.
Preloading 0 native plugins for Editor in 0.00 ms.
Mono: successfully reloaded assembly
- Completed reload, in  0.649 seconds
Platform modules already initialized, skipping
Refreshing native plugins compatible for Editor in 0.44 ms, found 2 plugins.
Preloading 0 native plugins for Editor in 0.00 ms.
Unloading 1501 Unused Serialized files (Serialized files now loaded: 0)
System memory in use before: 94.6 MB.
System memory in use after: 94.3 MB.

Unloading 16 unused Assets to reduce memory usage. Loaded Objects now: 1992.
Total: 2.194000 ms (FindLiveObjects: 0.110400 ms CreateObjectMapping: 0.032500 ms MarkObjects: 1.589400 ms  DeleteObjects: 0.460500 ms)

========================================================================
Received Import Request.
  Time since last request: 168.425745 seconds.
  path: Assets/Bunnies/Prefabs/Player.prefab
  artifactKey: Guid(abb928b0033254b4e99e4f1a5f71298b) Importer(815301076,1909f56bfc062723c751e8b465ee728b)
Start importing Assets/Bunnies/Prefabs/Player.prefab using Guid(abb928b0033254b4e99e4f1a5f71298b) Importer(815301076,1909f56bfc062723c751e8b465ee728b)  -> (artifact id: '397e4365a2cbcbd0461fea2a7b95c98b') in 0.072337 seconds
  Import took 0.076540 seconds .

========================================================================
Received Prepare
Registering precompiled user dll's ...
Registered in 0.002401 seconds.
Begin MonoManager ReloadAssembly
Native extension for WindowsStandalone target not found
Native extension for WebGL target not found
Refreshing native plugins compatible for Editor in 0.33 ms, found 2 plugins.
Preloading 0 native plugins for Editor in 0.00 ms.
Mono: successfully reloaded assembly
- Completed reload, in  0.667 seconds
Platform modules already initialized, skipping
Refreshing native plugins compatible for Editor in 0.34 ms, found 2 plugins.
Preloading 0 native plugins for Editor in 0.00 ms.
Unloading 1501 Unused Serialized files (Serialized files now loaded: 0)
System memory in use before: 94.6 MB.
System memory in use after: 94.3 MB.

Unloading 16 unused Assets to reduce memory usage. Loaded Objects now: 1996.
Total: 1.704900 ms (FindLiveObjects: 0.146000 ms CreateObjectMapping: 0.039800 ms MarkObjects: 1.224900 ms  DeleteObjects: 0.293300 ms)

========================================================================
Received Import Request.
  Time since last request: 115.633201 seconds.
  path: Assets/Bunnies/Prefabs/LineUp.prefab
  artifactKey: Guid(d939a9a2e30062c49a699794270b810c) Importer(815301076,1909f56bfc062723c751e8b465ee728b)
Start importing Assets/Bunnies/Prefabs/LineUp.prefab using Guid(d939a9a2e30062c49a699794270b810c) Importer(815301076,1909f56bfc062723c751e8b465ee728b)  -> (artifact id: '0112d65995251eaca0189e1e1a4145e7') in 0.026258 seconds
  Import took 0.028861 seconds .

========================================================================
Received Prepare
Registering precompiled user dll's ...
Registered in 0.002175 seconds.
Begin MonoManager ReloadAssembly
Native extension for WindowsStandalone target not found
Native extension for WebGL target not found
Refreshing native plugins compatible for Editor in 0.37 ms, found 2 plugins.
Preloading 0 native plugins for Editor in 0.00 ms.
Mono: successfully reloaded assembly
- Completed reload, in  0.619 seconds
Platform modules already initialized, skipping
Refreshing native plugins compatible for Editor in 0.38 ms, found 2 plugins.
Preloading 0 native plugins for Editor in 0.00 ms.
Unloading 1501 Unused Serialized files (Serialized files now loaded: 0)
System memory in use before: 94.6 MB.
System memory in use after: 94.3 MB.

Unloading 16 unused Assets to reduce memory usage. Loaded Objects now: 1999.
Total: 1.514200 ms (FindLiveObjects: 0.129500 ms CreateObjectMapping: 0.034800 ms MarkObjects: 1.076800 ms  DeleteObjects: 0.272200 ms)

========================================================================
Received Prepare
Registering precompiled user dll's ...
Registered in 0.002279 seconds.
Begin MonoManager ReloadAssembly
Native extension for WindowsStandalone target not found
Native extension for WebGL target not found
Refreshing native plugins compatible for Editor in 0.34 ms, found 2 plugins.
Preloading 0 native plugins for Editor in 0.00 ms.
Mono: successfully reloaded assembly
- Completed reload, in  0.623 seconds
Platform modules already initialized, skipping
Refreshing native plugins compatible for Editor in 0.72 ms, found 2 plugins.
Preloading 0 native plugins for Editor in 0.00 ms.
Unloading 1501 Unused Serialized files (Serialized files now loaded: 0)
System memory in use before: 94.6 MB.
System memory in use after: 94.3 MB.

Unloading 16 unused Assets to reduce memory usage. Loaded Objects now: 2002.
Total: 1.487600 ms (FindLiveObjects: 0.103700 ms CreateObjectMapping: 0.026800 ms MarkObjects: 1.062500 ms  DeleteObjects: 0.293700 ms)

========================================================================
Received Prepare
Registering precompiled user dll's ...
Registered in 0.002363 seconds.
Begin MonoManager ReloadAssembly
Native extension for WindowsStandalone target not found
Native extension for WebGL target not found
Refreshing native plugins compatible for Editor in 0.33 ms, found 2 plugins.
Preloading 0 native plugins for Editor in 0.00 ms.
Mono: successfully reloaded assembly
- Completed reload, in  0.641 seconds
Platform modules already initialized, skipping
Refreshing native plugins compatible for Editor in 0.36 ms, found 2 plugins.
Preloading 0 native plugins for Editor in 0.00 ms.
Unloading 1501 Unused Serialized files (Serialized files now loaded: 0)
System memory in use before: 94.7 MB.
System memory in use after: 94.3 MB.

Unloading 16 unused Assets to reduce memory usage. Loaded Objects now: 2005.
Total: 1.503200 ms (FindLiveObjects: 0.125600 ms CreateObjectMapping: 0.031700 ms MarkObjects: 1.061300 ms  DeleteObjects: 0.284000 ms)

========================================================================
Received Prepare
Registering precompiled user dll's ...
Registered in 0.003655 seconds.
Begin MonoManager ReloadAssembly
Native extension for WindowsStandalone target not found
Native extension for WebGL target not found
Refreshing native plugins compatible for Editor in 0.34 ms, found 2 plugins.
Preloading 0 native plugins for Editor in 0.00 ms.
Mono: successfully reloaded assembly
- Completed reload, in  0.655 seconds
Platform modules already initialized, skipping
Refreshing native plugins compatible for Editor in 0.53 ms, found 2 plugins.
Preloading 0 native plugins for Editor in 0.00 ms.
Unloading 1501 Unused Serialized files (Serialized files now loaded: 0)
System memory in use before: 94.7 MB.
System memory in use after: 94.3 MB.

Unloading 16 unused Assets to reduce memory usage. Loaded Objects now: 2008.
Total: 1.693600 ms (FindLiveObjects: 0.114100 ms CreateObjectMapping: 0.039500 ms MarkObjects: 1.237500 ms  DeleteObjects: 0.301600 ms)

========================================================================
Received Prepare
Registering precompiled user dll's ...
Registered in 0.003354 seconds.
Begin MonoManager ReloadAssembly
Native extension for WindowsStandalone target not found
Native extension for WebGL target not found
Refreshing native plugins compatible for Editor in 0.33 ms, found 2 plugins.
Preloading 0 native plugins for Editor in 0.00 ms.
Mono: successfully reloaded assembly
- Completed reload, in  0.634 seconds
Platform modules already initialized, skipping
Refreshing native plugins compatible for Editor in 0.53 ms, found 2 plugins.
Preloading 0 native plugins for Editor in 0.00 ms.
Unloading 1501 Unused Serialized files (Serialized files now loaded: 0)
System memory in use before: 94.7 MB.
System memory in use after: 94.3 MB.

Unloading 16 unused Assets to reduce memory usage. Loaded Objects now: 2011.
Total: 2.588900 ms (FindLiveObjects: 0.187400 ms CreateObjectMapping: 0.041300 ms MarkObjects: 1.880100 ms  DeleteObjects: 0.477900 ms)

========================================================================
Received Prepare
Registering precompiled user dll's ...
Registered in 0.003841 seconds.
Begin MonoManager ReloadAssembly
Native extension for WindowsStandalone target not found
Native extension for WebGL target not found
Refreshing native plugins compatible for Editor in 0.33 ms, found 2 plugins.
Preloading 0 native plugins for Editor in 0.00 ms.
Mono: successfully reloaded assembly
- Completed reload, in  0.626 seconds
Platform modules already initialized, skipping
Refreshing native plugins compatible for Editor in 0.40 ms, found 2 plugins.
Preloading 0 native plugins for Editor in 0.00 ms.
Unloading 1501 Unused Serialized files (Serialized files now loaded: 0)
System memory in use before: 94.6 MB.
System memory in use after: 94.4 MB.

Unloading 16 unused Assets to reduce memory usage. Loaded Objects now: 2014.
Total: 2.129700 ms (FindLiveObjects: 0.214000 ms CreateObjectMapping: 0.096000 ms MarkObjects: 1.517100 ms  DeleteObjects: 0.301500 ms)

========================================================================
Received Prepare
Registering precompiled user dll's ...
Registered in 0.002490 seconds.
Begin MonoManager ReloadAssembly
Native extension for WindowsStandalone target not found
Native extension for WebGL target not found
Refreshing native plugins compatible for Editor in 0.36 ms, found 2 plugins.
Preloading 0 native plugins for Editor in 0.00 ms.
Mono: successfully reloaded assembly
- Completed reload, in  0.636 seconds
Platform modules already initialized, skipping
Refreshing native plugins compatible for Editor in 0.33 ms, found 2 plugins.
Preloading 0 native plugins for Editor in 0.00 ms.
Unloading 1501 Unused Serialized files (Serialized files now loaded: 0)
System memory in use before: 94.6 MB.
System memory in use after: 94.4 MB.

Unloading 16 unused Assets to reduce memory usage. Loaded Objects now: 2017.
Total: 1.918100 ms (FindLiveObjects: 0.123300 ms CreateObjectMapping: 0.057100 ms MarkObjects: 1.399600 ms  DeleteObjects: 0.337000 ms)

========================================================================
Received Import Request.
  Time since last request: 237.993710 seconds.
  path: Assets/Bunnies/Prefabs/LineUp.prefab
  artifactKey: Guid(d939a9a2e30062c49a699794270b810c) Importer(815301076,1909f56bfc062723c751e8b465ee728b)
Start importing Assets/Bunnies/Prefabs/LineUp.prefab using Guid(d939a9a2e30062c49a699794270b810c) Importer(815301076,1909f56bfc062723c751e8b465ee728b)  -> (artifact id: '9a1d3e1247c1a8bc07dc441cbbb69918') in 0.044041 seconds
  Import took 0.046829 seconds .

========================================================================
Received Prepare
Registering precompiled user dll's ...
Registered in 0.002124 seconds.
Begin MonoManager ReloadAssembly
Native extension for WindowsStandalone target not found
Native extension for WebGL target not found
Refreshing native plugins compatible for Editor in 0.51 ms, found 2 plugins.
Preloading 0 native plugins for Editor in 0.00 ms.
Mono: successfully reloaded assembly
- Completed reload, in  0.676 seconds
Platform modules already initialized, skipping
Refreshing native plugins compatible for Editor in 0.39 ms, found 2 plugins.
Preloading 0 native plugins for Editor in 0.00 ms.
Unloading 1501 Unused Serialized files (Serialized files now loaded: 0)
System memory in use before: 94.9 MB.
System memory in use after: 94.5 MB.

Unloading 16 unused Assets to reduce memory usage. Loaded Objects now: 2020.
Total: 1.967600 ms (FindLiveObjects: 0.119800 ms CreateObjectMapping: 0.032000 ms MarkObjects: 1.367700 ms  DeleteObjects: 0.447400 ms)

AssetImportWorkerClient::OnTransportError - code=2 error=End of file
